[LOG] Manager::init                            : maxchannels = 1024 studioflags = 00000009 flags 00000000 extradriverdata 0x0.
[LOG] SystemI::init                            : FMOD Studio Version: 00010906 (88495)
[LOG] SystemI::init                            : maxchannels = 1024, flags = 00030000, extradriverdata = 0x0
[LOG] SystemI::setOutputInternal               : Setting output to type 0
[LOG] SystemI::setOutputInternal               : Setting output to type 12
[LOG] OutputCoreAudio::enumerate               : Enumerating...
[LOG] OutputCoreAudio::enumerate               : Found output driver: "Built-in Output".
[LOG] OutputCoreAudio::enumerate               : Found output driver: "Soundflower (2ch)".
[LOG] OutputCoreAudio::enumerate               : Found output driver: "Soundflower (64ch)".
[LOG] OutputCoreAudio::enumerate               : Found output driver: "Multi-Output Device".
[LOG] OutputCoreAudio::enumerate               : Done.
[LOG] SystemI::setOutputInternal               : Setting output to type 12
[LOG] SystemI::setOutputInternal               : Setting output to type 12
[LOG] SystemI::setOutputInternal               : Setting output to type 12
[LOG] OutputCoreAudio::init                    : Output running 2 channels at 44100Hz sample rate.
[LOG] OutputCoreAudio::init                    : Maximum hardware read size: 1024 samples, Software buffer size: 512 samples, Number of software buffers: 4.
[WRN] SystemI::init                            : Output requires a sample rate of 44100Hz, resampling will occur.
[LOG] SystemI::init                            : Create master channel group and master sound group.
[LOG] SystemI::init                            : Set up emulated output.  1024 channels
[LOG] SystemI::init                            : create the channel pool
[LOG] SystemI::init                            : create the stream thread
[LOG] Thread::initThread                       : Init FMOD stream thread. Priority: 2, Stack Size: 65536, Semaphore: No, Sleep Time: 10, Looping: Yes.
[LOG] SystemI::DSPCodecPoolRegister            : register codec pool for pool type 5
[LOG] Thread::initThread                       : Init FMOD mixer thread. Priority: 3, Stack Size: 49152, Semaphore: Yes, Sleep Time: 0, Looping: Yes.
[LOG] AsyncManager::init                       : manager 0x22a761008 isAsync 1 updatePeriod 0.02
[LOG] Thread::initThread                       : Init FMOD Studio update thread. Priority: 0, Stack Size: 65536, Semaphore: No, Sleep Time: 1, Looping: No.
[LOG] AsyncManager::init                       : done
[LOG] PlaybackSystem::init                     : 
[LOG] Thread::initThread                       : Init FMOD Studio sample load thread. Priority: 0, Stack Size: 65536, Semaphore: No, Sleep Time: 1, Looping: No.
[LOG] PlaybackSystem::init                     : done
[LOG] LiveUpdate::init                         : 
[LOG] Thread::initThread                       : Init FMOD Studio bank load thread. Priority: 0, Stack Size: 65536, Semaphore: No, Sleep Time: 1, Looping: No.
[LOG] Manager::init                            : done.
[LOG] Profile::init                            : Profiler listening on port: 9264
[LOG] Manager::readBank                        : fileversion = 88, compatVersion = 86 (oldest = 44, newest = 88)
[LOG] Manager::readBank                        : fileversion = 88, compatVersion = 86 (oldest = 44, newest = 88)
[LOG] PlaybackSystem::acquireMasterBus         : Setting master channel group format to 6
[LOG] SystemI::createSoundInternal             : filename =  : mode 02000202
[LOG] SystemI::createSoundInternal             : exinfo->cbsize             = 232
[LOG] SystemI::createSoundInternal             : exinfo->length             = 198400
[LOG] SystemI::createSoundInternal             : exinfo->fileoffset         = 22272
[LOG] SystemI::createSoundInternal             : exinfo->numsubsounds       = 1
[LOG] SystemI::createSoundInternal             : exinfo->inclusionlist      = 0x700000a82c48
[LOG] SystemI::createSoundInternal             : exinfo->inclusionlistnum   = 1
[LOG] SystemI::createSoundInternal             : exinfo->suggestedsoundtype = 5
[LOG] SystemI::createSoundInternal             : exinfo->useropen           = 0x1504321be
[LOG] SystemI::createSoundInternal             : exinfo->userclose          = 0x15043227a
[LOG] SystemI::createSoundInternal             : exinfo->userread           = 0x1504322aa
[LOG] SystemI::createSoundInternal             : exinfo->userseek           = 0x150432347
[LOG] SystemI::createSoundInternal             : exinfo->fileuserdata       = 0x1c52f1218
[LOG] SystemI::DSPCodecPoolRegister            : register codec pool for pool type 5
[LOG] SystemI::createSoundInternal             : Format has 1 subsounds.
[LOG] SystemI::createSoundInternal             : Create as FMOD_CREATESAMPLE
[LOG] SystemI::createSoundInternal             : Multi-sample sound (1 subsounds), create a sample container.
[LOG] SystemI::createSoundInternal             : creating subsound 0/1
[LOG] SystemI::createSample                    : mode 02000202 length 45492 samples, lengthbytes 16768
[LOG] SystemI::createSample                    : channels = 2
[LOG] SystemI::createSample                    : output = 0x162beceb8
[LOG] OutputSoftware::createSample             : lengthpcm 45492, lengthbytes 16768, channels 2, format 2, freq 48000, mode 0200020a
[LOG] SystemI::createSoundInternal             : No name found in file, use filename.
[LOG] SystemI::createSoundInternal             : done.  OpenState now = FMOD_OPENSTATE_READY.

[LOG] SystemI::createSoundInternal             : filename =  : mode 02000202
[LOG] SystemI::createSoundInternal             : exinfo->cbsize             = 232
[LOG] SystemI::createSoundInternal             : exinfo->length             = 198400
[LOG] SystemI::createSoundInternal             : exinfo->fileoffset         = 22272
[LOG] SystemI::createSoundInternal             : exinfo->numsubsounds       = 1
[LOG] SystemI::createSoundInternal             : exinfo->inclusionlist      = 0x700000a82c48
[LOG] SystemI::createSoundInternal             : exinfo->inclusionlistnum   = 1
[LOG] SystemI::createSoundInternal             : exinfo->suggestedsoundtype = 5
[LOG] SystemI::createSoundInternal             : exinfo->useropen           = 0x1504321be
[LOG] SystemI::createSoundInternal             : exinfo->userclose          = 0x15043227a
[LOG] SystemI::createSoundInternal             : exinfo->userread           = 0x1504322aa
[LOG] SystemI::createSoundInternal             : exinfo->userseek           = 0x150432347
[LOG] SystemI::createSoundInternal             : exinfo->fileuserdata       = 0x14c1a8fe8
[LOG] SystemI::DSPCodecPoolRegister            : register codec pool for pool type 5
[LOG] SystemI::createSoundInternal             : Format has 1 subsounds.
[LOG] SystemI::createSoundInternal             : Create as FMOD_CREATESAMPLE
[LOG] SystemI::createSoundInternal             : Multi-sample sound (1 subsounds), create a sample container.
[LOG] SystemI::createSoundInternal             : creating subsound 0/1
[LOG] SystemI::createSample                    : mode 02000202 length 76701 samples, lengthbytes 20864
[LOG] SystemI::createSample                    : channels = 2
[LOG] SystemI::createSample                    : output = 0x162beceb8
[LOG] OutputSoftware::createSample             : lengthpcm 76701, lengthbytes 20864, channels 2, format 2, freq 48000, mode 0200020a
[LOG] SystemI::createSoundInternal             : No name found in file, use filename.
[LOG] SystemI::createSoundInternal             : done.  OpenState now = FMOD_OPENSTATE_READY.

[LOG] SystemI::createSoundInternal             : filename =  : mode 02000202
[LOG] SystemI::createSoundInternal             : exinfo->cbsize             = 232
[LOG] SystemI::createSoundInternal             : exinfo->length             = 198400
[LOG] SystemI::createSoundInternal             : exinfo->fileoffset         = 22272
[LOG] SystemI::createSoundInternal             : exinfo->numsubsounds       = 1
[LOG] SystemI::createSoundInternal             : exinfo->inclusionlist      = 0x700000a82c48
[LOG] SystemI::createSoundInternal             : exinfo->inclusionlistnum   = 1
[LOG] SystemI::createSoundInternal             : exinfo->suggestedsoundtype = 5
[LOG] SystemI::createSoundInternal             : exinfo->useropen           = 0x1504321be
[LOG] SystemI::createSoundInternal             : exinfo->userclose          = 0x15043227a
[LOG] SystemI::createSoundInternal             : exinfo->userread           = 0x1504322aa
[LOG] SystemI::createSoundInternal             : exinfo->userseek           = 0x150432347
[LOG] SystemI::createSoundInternal             : exinfo->fileuserdata       = 0x14c1a8fe8
[LOG] SystemI::DSPCodecPoolRegister            : register codec pool for pool type 5
[LOG] SystemI::createSoundInternal             : Format has 1 subsounds.
[LOG] SystemI::createSoundInternal             : Create as FMOD_CREATESAMPLE
[LOG] SystemI::createSoundInternal             : Multi-sample sound (1 subsounds), create a sample container.
[LOG] SystemI::createSoundInternal             : creating subsound 0/1
[LOG] SystemI::createSample                    : mode 02000202 length 47215 samples, lengthbytes 12928
[LOG] SystemI::createSample                    : channels = 2
[LOG] SystemI::createSample                    : output = 0x162beceb8
[LOG] OutputSoftware::createSample             : lengthpcm 47215, lengthbytes 12928, channels 2, format 2, freq 48000, mode 0200020a
[LOG] SystemI::createSoundInternal             : No name found in file, use filename.
[LOG] SystemI::createSoundInternal             : done.  OpenState now = FMOD_OPENSTATE_READY.

[LOG] SystemI::createSoundInternal             : filename =  : mode 02000202
[LOG] SystemI::createSoundInternal             : exinfo->cbsize             = 232
[LOG] SystemI::createSoundInternal             : exinfo->length             = 198400
[LOG] SystemI::createSoundInternal             : exinfo->fileoffset         = 22272
[LOG] SystemI::createSoundInternal             : exinfo->numsubsounds       = 1
[LOG] SystemI::createSoundInternal             : exinfo->inclusionlist      = 0x700000a82c48
[LOG] SystemI::createSoundInternal             : exinfo->inclusionlistnum   = 1
[LOG] SystemI::createSoundInternal             : exinfo->suggestedsoundtype = 5
[LOG] SystemI::createSoundInternal             : exinfo->useropen           = 0x1504321be
[LOG] SystemI::createSoundInternal             : exinfo->userclose          = 0x15043227a
[LOG] SystemI::createSoundInternal             : exinfo->userread           = 0x1504322aa
[LOG] SystemI::createSoundInternal             : exinfo->userseek           = 0x150432347
[LOG] SystemI::createSoundInternal             : exinfo->fileuserdata       = 0x14c1a8fe8
[LOG] SystemI::DSPCodecPoolRegister            : register codec pool for pool type 5
[LOG] SystemI::createSoundInternal             : Format has 1 subsounds.
[LOG] SystemI::createSoundInternal             : Create as FMOD_CREATESAMPLE
[LOG] SystemI::createSoundInternal             : Multi-sample sound (1 subsounds), create a sample container.
[LOG] SystemI::createSoundInternal             : creating subsound 0/1
[LOG] SystemI::createSample                    : mode 02000202 length 31031 samples, lengthbytes 5536
[LOG] SystemI::createSample                    : channels = 2
[LOG] SystemI::createSample                    : output = 0x162beceb8
[LOG] OutputSoftware::createSample             : lengthpcm 31031, lengthbytes 5536, channels 2, format 2, freq 48000, mode 0200020a
[LOG] SystemI::createSoundInternal             : No name found in file, use filename.
[LOG] SystemI::createSoundInternal             : done.  OpenState now = FMOD_OPENSTATE_READY.

[LOG] SystemI::createSoundInternal             : filename =  : mode 02000202
[LOG] SystemI::createSoundInternal             : exinfo->cbsize             = 232
[LOG] SystemI::createSoundInternal             : exinfo->length             = 198400
[LOG] SystemI::createSoundInternal             : exinfo->fileoffset         = 22272
[LOG] SystemI::createSoundInternal             : exinfo->numsubsounds       = 1
[LOG] SystemI::createSoundInternal             : exinfo->inclusionlist      = 0x700000a82c48
[LOG] SystemI::createSoundInternal             : exinfo->inclusionlistnum   = 1
[LOG] SystemI::createSoundInternal             : exinfo->suggestedsoundtype = 5
[LOG] SystemI::createSoundInternal             : exinfo->useropen           = 0x1504321be
[LOG] SystemI::createSoundInternal             : exinfo->userclose          = 0x15043227a
[LOG] SystemI::createSoundInternal             : exinfo->userread           = 0x1504322aa
[LOG] SystemI::createSoundInternal             : exinfo->userseek           = 0x150432347
[LOG] SystemI::createSoundInternal             : exinfo->fileuserdata       = 0x1c5248118
[LOG] SystemI::DSPCodecPoolRegister            : register codec pool for pool type 5
[LOG] SystemI::createSoundInternal             : Format has 1 subsounds.
[LOG] SystemI::createSoundInternal             : Create as FMOD_CREATESAMPLE
[LOG] SystemI::createSoundInternal             : Multi-sample sound (1 subsounds), create a sample container.
[LOG] SystemI::createSoundInternal             : creating subsound 0/1
[LOG] SystemI::createSample                    : mode 02000202 length 264264 samples, lengthbytes 49024
[LOG] SystemI::createSample                    : channels = 2
[LOG] SystemI::createSample                    : output = 0x162beceb8
[LOG] OutputSoftware::createSample             : lengthpcm 264264, lengthbytes 49024, channels 2, format 2, freq 48000, mode 0200020a
[LOG] SystemI::createSoundInternal             : No name found in file, use filename.
[LOG] SystemI::createSoundInternal             : done.  OpenState now = FMOD_OPENSTATE_READY.

[LOG] SystemI::createSoundInternal             : filename =  : mode 02000202
[LOG] SystemI::createSoundInternal             : exinfo->cbsize             = 232
[LOG] SystemI::createSoundInternal             : exinfo->length             = 198400
[LOG] SystemI::createSoundInternal             : exinfo->fileoffset         = 22272
[LOG] SystemI::createSoundInternal             : exinfo->numsubsounds       = 1
[LOG] SystemI::createSoundInternal             : exinfo->inclusionlist      = 0x700000a82c48
[LOG] SystemI::createSoundInternal             : exinfo->inclusionlistnum   = 1
[LOG] SystemI::createSoundInternal             : exinfo->suggestedsoundtype = 5
[LOG] SystemI::createSoundInternal             : exinfo->useropen           = 0x1504321be
[LOG] SystemI::createSoundInternal             : exinfo->userclose          = 0x15043227a
[LOG] SystemI::createSoundInternal             : exinfo->userread           = 0x1504322aa
[LOG] SystemI::createSoundInternal             : exinfo->userseek           = 0x150432347
[LOG] SystemI::createSoundInternal             : exinfo->fileuserdata       = 0x14c1b9fa8
[LOG] SystemI::DSPCodecPoolRegister            : register codec pool for pool type 5
[LOG] SystemI::createSoundInternal             : Format has 1 subsounds.
[LOG] SystemI::createSoundInternal             : Create as FMOD_CREATESAMPLE
[LOG] SystemI::createSoundInternal             : Multi-sample sound (1 subsounds), create a sample container.
[LOG] SystemI::createSoundInternal             : creating subsound 0/1
[LOG] SystemI::createSample                    : mode 02000202 length 346560 samples, lengthbytes 83232
[LOG] SystemI::createSample                    : channels = 2
[LOG] SystemI::createSample                    : output = 0x162beceb8
[LOG] OutputSoftware::createSample             : lengthpcm 346560, lengthbytes 83232, channels 2, format 2, freq 48000, mode 0200020a
[LOG] SystemI::createSoundInternal             : No name found in file, use filename.
[LOG] SystemI::createSoundInternal             : done.  OpenState now = FMOD_OPENSTATE_READY.

[LOG] SystemI::createSoundInternal             : filename =  : mode 02000202
[LOG] SystemI::createSoundInternal             : exinfo->cbsize             = 232
[LOG] SystemI::createSoundInternal             : exinfo->length             = 198400
[LOG] SystemI::createSoundInternal             : exinfo->fileoffset         = 22272
[LOG] SystemI::createSoundInternal             : exinfo->numsubsounds       = 1
[LOG] SystemI::createSoundInternal             : exinfo->inclusionlist      = 0x700000a82c48
[LOG] SystemI::createSoundInternal             : exinfo->inclusionlistnum   = 1
[LOG] SystemI::createSoundInternal             : exinfo->suggestedsoundtype = 5
[LOG] SystemI::createSoundInternal             : exinfo->useropen           = 0x1504321be
[LOG] SystemI::createSoundInternal             : exinfo->userclose          = 0x15043227a
[LOG] SystemI::createSoundInternal             : exinfo->userread           = 0x1504322aa
[LOG] SystemI::createSoundInternal             : exinfo->userseek           = 0x150432347
[LOG] SystemI::createSoundInternal             : exinfo->fileuserdata       = 0x14c1b9fa8
[LOG] SystemI::DSPCodecPoolRegister            : register codec pool for pool type 5
[LOG] SystemI::createSoundInternal             : Format has 1 subsounds.
[LOG] SystemI::createSoundInternal             : Create as FMOD_CREATESAMPLE
[LOG] SystemI::createSoundInternal             : Multi-sample sound (1 subsounds), create a sample container.
[LOG] SystemI::createSoundInternal             : creating subsound 0/1
[LOG] SystemI::createSample                    : mode 02000202 length 45234 samples, lengthbytes 9504
[LOG] SystemI::createSample                    : channels = 2
[LOG] SystemI::createSample                    : output = 0x162beceb8
[LOG] OutputSoftware::createSample             : lengthpcm 45234, lengthbytes 9504, channels 2, format 2, freq 48000, mode 0200020a
[LOG] SystemI::createSoundInternal             : No name found in file, use filename.
[LOG] SystemI::createSoundInternal             : done.  OpenState now = FMOD_OPENSTATE_READY.

[LOG] SoundI::release                          :  (0x1c52978a8)
[LOG] SoundI::release                          : release subsounds. (0x1c52978a8)
[LOG] SoundI::release                          :     FNH FNP40 4x SingleShots crispy (0x1c52aef28)
[LOG] SoundI::release                          :     done
[LOG] SoundI::release                          : release codec. (0x1c52978a8)
[LOG] SoundI::release                          : done
[LOG] SoundI::release                          :  (0x1c52516a8)
[LOG] SoundI::release                          : release subsounds. (0x1c52516a8)
[LOG] SoundI::release                          :     SF-CK Synthesized Impact 06 (0x1c52f6498)
[LOG] SoundI::release                          :     done
[LOG] SoundI::release                          : release codec. (0x1c52516a8)
[LOG] SoundI::release                          : done
[LOG] SoundI::release                          :  (0x1c52948f8)
[LOG] SoundI::release                          : release subsounds. (0x1c52948f8)
[LOG] SoundI::release                          :     SF-DS Weapon Laser Small 04 (0x1c52ee9d8)
[LOG] SoundI::release                          :     done
[LOG] SoundI::release                          : release codec. (0x1c52948f8)
[LOG] SoundI::release                          : done
[LOG] SoundI::release                          :  (0x1c5297a18)
[LOG] SoundI::release                          : release subsounds. (0x1c5297a18)
[LOG] SoundI::release                          :     Winchester (0x1c52eb618)
[LOG] SoundI::release                          :     done
[LOG] SoundI::release                          : release codec. (0x1c5297a18)
[LOG] SoundI::release                          : done
[LOG] SoundI::release                          :  (0x162b6c278)
[LOG] SoundI::release                          : release subsounds. (0x162b6c278)
[LOG] SoundI::release                          :     Bass_Drop_13 (0x1c522c448)
[LOG] SoundI::release                          :     done
[LOG] SoundI::release                          : release codec. (0x162b6c278)
[LOG] SoundI::release                          : done
[LOG] SoundI::release                          :  (0x14da17718)
[LOG] SoundI::release                          : release subsounds. (0x14da17718)
[LOG] SoundI::release                          :     Quick_Impact_01 (0x1c52e51c8)
[LOG] SoundI::release                          :     done
[LOG] SoundI::release                          : release codec. (0x14da17718)
[LOG] SoundI::release                          : done
[LOG] SoundI::release                          :  (0x14dabf668)
[LOG] SoundI::release                          : release subsounds. (0x14dabf668)
[LOG] SoundI::release                          :     explode yt (0x14da3be98)
[LOG] SoundI::release                          :     done
[LOG] SoundI::release                          : release codec. (0x14dabf668)
[LOG] SoundI::release                          : done
[LOG] Thread::callback                         : FMOD Studio update thread finished.
[LOG] Thread::callback                         : FMOD Studio bank load thread finished.
[LOG] Profile::disconnectAll                   : Profiler disconnecting all clients
[LOG] Thread::callback                         : FMOD Studio sample load thread finished.
[LOG] LiveUpdate::release                      : 
[LOG] LiveUpdate::reset                        : Reset connection (reason Disconnected)
[LOG] SystemI::close                           : 
[LOG] SystemI::close                           : Stop all sounds
[LOG] Thread::callback                         : FMOD stream thread finished.
[LOG] SystemI::close                           : Stream thread destroyed
[LOG] Thread::callback                         : FMOD mixer thread finished.
[LOG] SystemI::close                           : Free master channel group.
[LOG] SystemI::close                           : Remove 'master' sound group.
[LOG] SystemI::close                           : Free software output.
[LOG] SystemI::close                           : Free emulated output.
[LOG] SystemI::close                           : Free channel pool.
[LOG] SystemI::close                           : done.

